<?xml version="1.0" encoding="UTF-8"?>
<!-- Generated by org.testng.reporters.JUnitReportReporter -->
<testsuite hostname="MOHINI" failures="0" tests="1" name="test_classes.login_normal" time="7.721" errors="0" timestamp="2023-12-11T15:41:23 IST" skipped="0">
  <testcase classname="test_classes.login_normal" name="varify_email_pass" time="7.721"/>
</testsuite> <!-- test_classes.login_normal -->
