<?xml version="1.0" encoding="UTF-8"?>
<!-- Generated by org.testng.reporters.JUnitReportReporter -->
<testsuite hostname="MOHINI" failures="0" tests="2" name="test_classes.login_test_class" time="56.616" errors="0" timestamp="2023-12-11T18:17:29 IST" skipped="0">
  <testcase classname="test_classes.login_test_class" name="varify_title" time="50.214"/>
  <testcase classname="test_classes.login_test_class" name="varify_email_pass" time="6.402"/>
</testsuite> <!-- test_classes.login_test_class -->
