<?xml version="1.0" encoding="UTF-8"?>
<!-- Generated by org.testng.reporters.JUnitReportReporter -->
<testsuite hostname="MOHINI" failures="0" tests="2" name="test_classes.login_test_class" time="58.773" errors="0" timestamp="2023-12-12T01:48:26 IST" skipped="0">
  <testcase classname="test_classes.login_test_class" name="varify_email_pass" time="6.766"/>
  <testcase classname="test_classes.login_test_class" name="varify_title" time="52.007"/>
</testsuite> <!-- test_classes.login_test_class -->
